<?xml version="1.0" encoding="UTF-8"?>
<!-- Generated by org.testng.reporters.JUnitReportReporter -->
<testsuite hostname="LAPTOP-SABMBR64" failures="0" tests="1" name="TestRunner.TestRunner" time="13.826" errors="0" timestamp="2020-12-08T20:08:45 IST" skipped="0">
  <testcase classname="TestRunner.TestRunner" name="feature" time="13.826"/>
  <system-out/>
</testsuite> <!-- TestRunner.TestRunner -->
